[themewagon.github.io/dashmin/index.html]
[backblue.gif]
[fade.gif]
[index.html]
[themewagon.github.io/dashmin/img/favicon.ico]
[cdnjs.cloudflare.com/ajax/libs/font-awesome/5.10.0/css/all.min.css]
[cdn.jsdelivr.net/npm/bootstrap-icons@1.4.1/font/bootstrap-icons.css]
[themewagon.github.io/dashmin/lib/owlcarousel/assets/owl.carousel.min.css]
[themewagon.github.io/dashmin/lib/tempusdominus/css/tempusdominus-bootstrap-4.min.css]
[themewagon.github.io/dashmin/css/bootstrap.min.css]
[themewagon.github.io/dashmin/css/style.css]
[themewagon.github.io/dashmin/img/user.jpg]
[themewagon.github.io/dashmin/button.html]
[themewagon.github.io/dashmin/typography.html]
[themewagon.github.io/dashmin/element.html]
[themewagon.github.io/dashmin/widget.html]
[themewagon.github.io/dashmin/form.html]
[themewagon.github.io/dashmin/table.html]
[themewagon.github.io/dashmin/chart.html]
[themewagon.github.io/dashmin/signin.html]
[themewagon.github.io/dashmin/signup.html]
[themewagon.github.io/dashmin/404.html]
[themewagon.github.io/dashmin/blank.html]
[code.jquery.com/jquery-3.4.1.min.js]
[cdn.jsdelivr.net/npm/bootstrap@5.0.0/dist/js/bootstrap.bundle.min.js]
[themewagon.github.io/dashmin/lib/chart/chart.min.js]
[themewagon.github.io/dashmin/lib/easing/easing.min.js]
[themewagon.github.io/dashmin/lib/waypoints/waypoints.min.js]
[themewagon.github.io/dashmin/lib/owlcarousel/owl.carousel.min.js]
[themewagon.github.io/dashmin/lib/tempusdominus/js/moment.min.js]
[themewagon.github.io/dashmin/lib/tempusdominus/js/moment-timezone.min.js]
[themewagon.github.io/dashmin/lib/tempusdominus/js/tempusdominus-bootstrap-4.min.js]
[themewagon.github.io/dashmin/js/main.js]
[themewagon.github.io/dashmin/index.html]
[themewagon.github.io/dashmin/img/favicon.html]
[cdnjs.cloudflare.com/ajax/libs/font-awesome/5.10.0/css/all.min.css]
[cdn.jsdelivr.net/npm/bootstrap-icons@1.4.1/font/fonts/bootstrap-iconsfb95.woff2]
[cdn.jsdelivr.net/npm/bootstrap-icons@1.4.1/font/fonts/bootstrap-iconsfb95.woff]
[cdn.jsdelivr.net/npm/bootstrap-icons@1.4.1/font/bootstrap-icons.css]
[themewagon.github.io/dashmin/lib/owlcarousel/assets/owl.video.play.png]
[themewagon.github.io/dashmin/lib/owlcarousel/assets/owl.carousel.min.css]
[themewagon.github.io/dashmin/lib/tempusdominus/css/tempusdominus-bootstrap-4.min.css]
[themewagon.github.io/dashmin/css/bootstrap.min.css]
[themewagon.github.io/dashmin/css/style.css]
[themewagon.github.io/dashmin/button.html]
[themewagon.github.io/dashmin/typography.html]
[themewagon.github.io/dashmin/element.html]
[themewagon.github.io/dashmin/img/testimonial-1.jpg]
[themewagon.github.io/dashmin/widget.html]
[themewagon.github.io/dashmin/img/testimonial-2.jpg]
[themewagon.github.io/dashmin/form.html]
[themewagon.github.io/dashmin/table.html]
[themewagon.github.io/dashmin/chart.html]
[themewagon.github.io/dashmin/signin.html]
[themewagon.github.io/dashmin/signup.html]
[themewagon.github.io/dashmin/404.html]
[themewagon.github.io/dashmin/blank.html]
